<?xml version="1.0" encoding="UTF-8"?>
<!-- Generated by org.testng.reporters.JUnitReportReporter -->
<testsuite skipped="0" hostname="DESKTOP-GM20KQQ" name="test.testcase.RunClass" tests="1" failures="0" timestamp="2021-05-20T08:40:32 IST" time="56.372" errors="0">
  <testcase name="testCase" time="56.372" classname="test.testcase.RunClass"/>
  <system-out/>
</testsuite> <!-- test.testcase.RunClass -->
